TN:
SF:src\contants.js
FNF:0
FNH:0
DA:2,1
DA:4,1
DA:6,1
LF:3
LH:3
BRF:0
BRH:0
end_of_record
TN:
SF:src\components\Body.js
FN:10,(anonymous_0)
FN:16,(anonymous_1)
FN:20,getRestaurants
FN:48,(anonymous_3)
FN:54,(anonymous_4)
FN:64,(anonymous_5)
FN:70,(anonymous_6)
FN:76,(anonymous_7)
FNF:8
FNH:6
FNDA:8,(anonymous_0)
FNDA:3,(anonymous_1)
FNDA:3,getRestaurants
FNDA:1,(anonymous_3)
FNDA:1,(anonymous_4)
FNDA:0,(anonymous_5)
FNDA:0,(anonymous_6)
FNDA:46,(anonymous_7)
DA:10,1
DA:11,8
DA:12,7
DA:13,7
DA:14,7
DA:16,7
DA:17,3
DA:21,3
DA:24,3
DA:25,3
DA:27,3
DA:28,3
DA:35,7
DA:37,7
DA:49,1
DA:55,1
DA:57,1
DA:65,0
DA:71,0
DA:77,46
LF:20
LH:18
BRDA:35,0,0,0
BRDA:35,0,1,7
BRDA:37,1,0,3
BRDA:37,1,1,4
BRF:4
BRH:3
end_of_record
TN:
SF:src\components\Header.js
FN:9,(anonymous_0)
FN:14,(anonymous_1)
FN:20,(anonymous_2)
FN:27,(anonymous_3)
FN:58,(anonymous_4)
FN:67,(anonymous_5)
FNF:6
FNH:3
FNDA:0,(anonymous_0)
FNDA:3,(anonymous_1)
FNDA:3,(anonymous_2)
FNDA:3,(anonymous_3)
FNDA:0,(anonymous_4)
FNDA:0,(anonymous_5)
DA:9,1
DA:11,0
DA:14,1
DA:15,3
DA:20,1
DA:21,3
DA:23,3
DA:25,3
DA:27,3
DA:29,3
DA:59,0
DA:68,0
LF:12
LH:9
BRDA:51,0,0,3
BRDA:51,0,1,0
BRDA:55,1,0,3
BRDA:55,1,1,0
BRF:4
BRH:2
end_of_record
TN:
SF:src\components\RestaurantCard.js
FN:6,(anonymous_0)
FNF:1
FNH:1
FNDA:46,(anonymous_0)
DA:6,1
DA:12,46
DA:13,46
LF:3
LH:3
BRF:0
BRH:0
end_of_record
TN:
SF:src\components\Shimmer.js
FN:3,(anonymous_0)
FN:8,(anonymous_1)
FNF:2
FNH:2
FNDA:4,(anonymous_0)
FNDA:40,(anonymous_1)
DA:3,1
DA:4,4
DA:9,40
LF:3
LH:3
BRF:0
BRH:0
end_of_record
TN:
SF:src\components\sum.js
FN:1,(anonymous_0)
FNF:1
FNH:1
FNDA:1,(anonymous_0)
DA:1,1
LF:1
LH:1
BRF:0
BRH:0
end_of_record
TN:
SF:src\mocks\data.js
FNF:0
FNH:0
DA:1,1
LF:1
LH:1
BRF:0
BRH:0
end_of_record
TN:
SF:src\mocks\dummyLogo.js
FNF:0
FNH:0
LF:0
LH:0
BRF:0
BRH:0
end_of_record
TN:
SF:src\utils\cartSlice.js
FN:7,(anonymous_0)
FN:10,(anonymous_1)
FN:13,(anonymous_2)
FNF:3
FNH:0
FNDA:0,(anonymous_0)
FNDA:0,(anonymous_1)
FNDA:0,(anonymous_2)
DA:3,2
DA:8,0
DA:11,0
DA:14,0
DA:21,2
LF:5
LH:2
BRF:0
BRH:0
end_of_record
TN:
SF:src\utils\helper.js
FN:1,filterData
FN:2,(anonymous_1)
FNF:2
FNH:2
FNDA:1,filterData
FNDA:15,(anonymous_1)
DA:2,1
DA:3,15
DA:5,1
LF:3
LH:3
BRF:0
BRH:0
end_of_record
TN:
SF:src\utils\store.js
FNF:0
FNH:0
DA:5,2
LF:1
LH:1
BRF:0
BRH:0
end_of_record
TN:
SF:src\utils\useOnline.js
FN:3,(anonymous_0)
FN:6,(anonymous_1)
FN:7,(anonymous_2)
FN:10,(anonymous_3)
FN:15,(anonymous_4)
FNF:5
FNH:3
FNDA:3,(anonymous_0)
FNDA:3,(anonymous_1)
FNDA:0,(anonymous_2)
FNDA:0,(anonymous_3)
FNDA:3,(anonymous_4)
DA:3,2
DA:4,3
DA:6,3
DA:7,3
DA:8,0
DA:10,3
DA:11,0
DA:13,3
DA:14,3
DA:15,3
DA:16,3
DA:17,3
DA:20,3
LF:13
LH:11
BRF:0
BRH:0
end_of_record
TN:
SF:src\utils\userContext.js
FNF:0
FNH:0
DA:3,2
LF:1
LH:1
BRF:0
BRH:0
end_of_record
